<?xml version="1.0" encoding="UTF-8"?>
<!-- Generated by org.testng.reporters.JUnitReportReporter -->
<testsuite skipped="0" hostname="DESKTOP-NHJVFRD" name="com.TestNG.Dependson" tests="4" failures="0" timestamp="2021-11-05T06:17:51 IST" time="0.026" errors="0">
  <testcase name="father" time="0.002" classname="com.TestNG.Dependson"/>
  <system-out/>
  <testcase name="brother" time="0.019" classname="com.TestNG.Dependson"/>
  <system-out/>
  <testcase name="sister" time="0.003" classname="com.TestNG.Dependson"/>
  <system-out/>
  <testcase name="mother" time="0.002" classname="com.TestNG.Dependson"/>
  <system-out/>
</testsuite> <!-- com.TestNG.Dependson -->
