<?xml version="1.0" encoding="UTF-8"?>
<!-- Generated by org.testng.reporters.JUnitReportReporter -->
<testsuite skipped="1" hostname="DESKTOP-NHJVFRD" name="com.TestNG.Groupings" tests="6" failures="0" timestamp="2021-10-31T22:09:12 IST" time="0.016" errors="0">
  <testcase name="christinaronaldo" time="0.000" classname="com.TestNG.Groupings"/>
  <system-out/>
  <testcase name="paulwalker" time="0.016" classname="com.TestNG.Groupings"/>
  <system-out/>
  <testcase name="Rogerfederar" time="0.000" classname="com.TestNG.Groupings"/>
  <system-out/>
  <testcase name="Tigerwoods" time="0.000" classname="com.TestNG.Groupings"/>
  <system-out/>
  <testcase name="Dhoni" time="0.000" classname="com.TestNG.Groupings"/>
  <system-out/>
  <testcase name="levishamilton" classname="com.TestNG.Groupings">
    <skipped/>
  </testcase> <!-- levishamilton -->
  <system-out/>
</testsuite> <!-- com.TestNG.Groupings -->
