<?xml version="1.0" encoding="UTF-8"?>
<!-- Generated by org.testng.reporters.JUnitReportReporter -->
<testsuite skipped="0" hostname="DESKTOP-NHJVFRD" name="com.TestNG.Assertion" tests="4" failures="0" timestamp="2021-11-01T06:15:53 IST" time="0.026" errors="0">
  <testcase name="ASSERT3" time="0.007" classname="com.TestNG.Assertion"/>
  <system-out/>
  <testcase name="assert1" time="0.004" classname="com.TestNG.Assertion"/>
  <system-out/>
  <testcase name="ASSERT2" time="0.002" classname="com.TestNG.Assertion"/>
  <system-out/>
  <testcase name="ASSERT1" time="0.013" classname="com.TestNG.Assertion"/>
  <system-out/>
</testsuite> <!-- com.TestNG.Assertion -->
