<?xml version="1.0" encoding="UTF-8"?>
<!-- Generated by org.testng.reporters.JUnitReportReporter -->
<testsuite skipped="0" hostname="DESKTOP-NHJVFRD" name="com.TestNG.Episode1" tests="4" failures="0" timestamp="2021-10-25T00:31:36 IST" time="1.597" errors="0">
  <testcase name="mother" time="0.007" classname="com.TestNG.Episode1"/>
  <system-out/>
  <testcase name="brother" time="0.004" classname="com.TestNG.Episode1"/>
  <system-out/>
  <testcase name="father" time="1.538" classname="com.TestNG.Episode1"/>
  <system-out/>
  <testcase name="sister" time="0.048" classname="com.TestNG.Episode1"/>
  <system-out/>
</testsuite> <!-- com.TestNG.Episode1 -->
