<?xml version="1.0" encoding="UTF-8"?>
<!-- Generated by org.testng.reporters.JUnitReportReporter -->
<testsuite skipped="1" hostname="DESKTOP-NHJVFRD" name="com.TestNG.Invocation_count" tests="7" failures="0" timestamp="2021-10-31T22:09:13 IST" time="1.220" errors="0">
  <testcase name="FLIPKART" time="0.000" classname="com.TestNG.Invocation_count"/>
  <system-out/>
  <testcase name="SNAPDEAL" time="1.203" classname="com.TestNG.Invocation_count"/>
  <system-out/>
  <testcase name="FLIPKART" time="0.000" classname="com.TestNG.Invocation_count"/>
  <system-out/>
  <testcase name="FLIPKART" time="0.000" classname="com.TestNG.Invocation_count"/>
  <system-out/>
  <testcase name="FLIPKART" time="0.016" classname="com.TestNG.Invocation_count"/>
  <system-out/>
  <testcase name="AMAZON" time="0.001" classname="com.TestNG.Invocation_count"/>
  <system-out/>
  <testcase name="MYNTRA" classname="com.TestNG.Invocation_count">
    <skipped/>
  </testcase> <!-- MYNTRA -->
  <system-out/>
</testsuite> <!-- com.TestNG.Invocation_count -->
