<?xml version="1.0" encoding="UTF-8"?>
<!-- Generated by org.testng.reporters.JUnitReportReporter -->
<testsuite skipped="0" hostname="DESKTOP-NHJVFRD" name="com.TestNG.Parallell_TEST" tests="2" failures="0" timestamp="2021-10-31T22:13:11 IST" time="46.979" errors="0">
  <testcase name="firefox" time="23.624" classname="com.TestNG.Parallell_TEST"/>
  <system-out/>
  <testcase name="chrome_launch" time="23.355" classname="com.TestNG.Parallell_TEST"/>
  <system-out/>
</testsuite> <!-- com.TestNG.Parallell_TEST -->
