<?xml version="1.0" encoding="UTF-8"?>
<!-- Generated by org.testng.reporters.JUnitReportReporter -->
<testsuite skipped="0" hostname="DESKTOP-NHJVFRD" name="com.TestNG.Para1" tests="1" failures="0" timestamp="2021-11-06T06:07:30 IST" time="0.009" errors="0">
  <testcase name="pm" time="0.009" classname="com.TestNG.Para1"/>
  <system-out/>
</testsuite> <!-- com.TestNG.Para1 -->
