<?xml version="1.0" encoding="UTF-8"?>
<!-- Generated by org.testng.reporters.JUnitReportReporter -->
<testsuite skipped="0" hostname="DESKTOP-NHJVFRD" name="com.TestNG.Suites" tests="5" failures="0" timestamp="2021-11-06T06:04:20 IST" time="15.118" errors="0">
  <testcase name="amazon" time="3.776" classname="com.TestNG.Suites"/>
  <system-out/>
  <testcase name="flipkart" time="2.636" classname="com.TestNG.Suites"/>
  <system-out/>
  <testcase name="ajio" time="5.633" classname="com.TestNG.Suites"/>
  <system-out/>
  <testcase name="myntra" time="1.667" classname="com.TestNG.Suites"/>
  <system-out/>
  <testcase name="yahoo" time="1.406" classname="com.TestNG.Suites"/>
  <system-out/>
</testsuite> <!-- com.TestNG.Suites -->
