<?xml version="1.0" encoding="UTF-8"?>
<!-- Generated by org.testng.reporters.JUnitReportReporter -->
<testsuite skipped="0" hostname="DESKTOP-NHJVFRD" name="com.TestNG.Parameterize_testng" tests="1" failures="0" timestamp="2021-11-06T06:09:18 IST" time="0.009" errors="0">
  <testcase name="city" time="0.009" classname="com.TestNG.Parameterize_testng"/>
  <system-out/>
</testsuite> <!-- com.TestNG.Parameterize_testng -->
